<?xml version="1.0" encoding="UTF-8"?>
<!-- Generated by org.testng.reporters.JUnitXMLReporter -->
<testsuite hostname="GISI-6G8XPC2" failures="1" tests="1" name="Test" time="14.687" errors="0" timestamp="17 Mar 2021 07:04:42 GMT">
  <testcase classname="QA_OpenCart.QA_Test.AddToCartTest" name="AddtoCart" time="6.385">
    <failure type="junit.framework.ComparisonFailure" message="expected:&amp;lt;Success: You have added iMac to your shopping cart!&amp;gt; but was:&amp;lt;Desktops (13)
   - PC (0)
   - Mac (1)
Laptops &amp;amp; Notebooks (5)
Components (2)
Tablets (1)
Software (0)
Phones &amp;amp; PDAs (3)
Cameras (2)
MP3 Players (4)
Mac
Product Compare (0)
Sort By:
              
              
              
                                          
              
              
              Default
              
              
              
                                                        
              
              
              Name (A - Z)
              
              
              
                                                        
              
              
              Name (Z - A)
              
              
              
                                                        
              
              
              Price (Low &amp;gt; High)
              
              
              
                                                        
              
              
              Price (High &amp;gt; Low)
              
              
              
                                                        
              
              
              Rating (Highest)
              
              
              
                                                        
              
              
              Rating (Lowest)
              
              
              
                                                        
              
              
              Model (A - Z)
              
              
              
                                                        
              
              
              Model (Z - A)
              
              
              
                                        
            
            
             Show:
              
              
              
                                          
              
              
              15
              
              
              
                                                        
              
              
              25
              
              
              
                                                        
              
              
              50
              
              
              
                                                        
              
              
              75
              
              
              
                                                        
              
              
              100
              
              
              
                                        
            
            
             iMac
Just when you thought iMac had everything, now there´s even more. More powerful Intel Core 2 Duo pro..
$100.00
Ex Tax: $100.00
ADD TO CART
Showing 1 to 1 of 1 (1 Pages)&amp;gt;">
      <![CDATA[junit.framework.ComparisonFailure: expected:<Success: You have added iMac to your shopping cart!> but was:<Desktops (13)
   - PC (0)
   - Mac (1)
Laptops & Notebooks (5)
Components (2)
Tablets (1)
Software (0)
Phones & PDAs (3)
Cameras (2)
MP3 Players (4)
Mac
Product Compare (0)
Sort By:
              
              
              
                                          
              
              
              Default
              
              
              
                                                        
              
              
              Name (A - Z)
              
              
              
                                                        
              
              
              Name (Z - A)
              
              
              
                                                        
              
              
              Price (Low > High)
              
              
              
                                                        
              
              
              Price (High > Low)
              
              
              
                                                        
              
              
              Rating (Highest)
              
              
              
                                                        
              
              
              Rating (Lowest)
              
              
              
                                                        
              
              
              Model (A - Z)
              
              
              
                                                        
              
              
              Model (Z - A)
              
              
              
                                        
            
            
             Show:
              
              
              
                                          
              
              
              15
              
              
              
                                                        
              
              
              25
              
              
              
                                                        
              
              
              50
              
              
              
                                                        
              
              
              75
              
              
              
                                                        
              
              
              100
              
              
              
                                        
            
            
             iMac
Just when you thought iMac had everything, now there´s even more. More powerful Intel Core 2 Duo pro..
$100.00
Ex Tax: $100.00
ADD TO CART
Showing 1 to 1 of 1 (1 Pages)>
	at junit.framework.Assert.assertEquals(Assert.java:81)
	at junit.framework.Assert.assertEquals(Assert.java:87)
	at QA_OpenCart.QA_Test.AddToCartTest.AddtoCart(AddToCartTest.java:49)
... Removed 24 stack frames]]>
    </failure>
  </testcase> <!-- AddtoCart -->
</testsuite> <!-- Test -->
